[    0.000000] Linux version 4.15.0-106-generic (buildd@lcy01-amd64-016) (gcc version 7.5.0 (Ubuntu 7.5.0-3ubuntu1~18.04)) #107-Ubuntu SMP Thu Jun 4 11:27:52 UTC 2020 (Ubuntu 4.15.0-106.107-generic 4.15.18)
[    0.000000] Command line: BOOT_IMAGE=/boot/vmlinuz-4.15.0-106-generic root=LABEL=cloudimg-rootfs ro console=tty1 console=ttyS0
[    0.000000] KERNEL supported cpus:
[    0.000000]   Intel GenuineIntel
[    0.000000]   AMD AuthenticAMD
[    0.000000]   Centaur CentaurHauls
[    0.000000] x86/fpu: Supporting XSAVE feature 0x001: 'x87 floating point registers'
[    0.000000] x86/fpu: Supporting XSAVE feature 0x002: 'SSE registers'
[    0.000000] x86/fpu: Supporting XSAVE feature 0x004: 'AVX registers'
[    0.000000] x86/fpu: xstate_offset[2]:  576, xstate_sizes[2]:  256
[    0.000000] x86/fpu: Enabled xstate features 0x7, context size is 832 bytes, using 'standard' format.
[    0.000000] e820: BIOS-provided physical RAM map:
[    0.000000] BIOS-e820: [mem 0x0000000000000000-0x000000000009fbff] usable
[    0.000000] BIOS-e820: [mem 0x000000000009fc00-0x000000000009ffff] reserved
[    0.000000] BIOS-e820: [mem 0x00000000000f0000-0x00000000000fffff] reserved
[    0.000000] BIOS-e820: [mem 0x0000000000100000-0x000000007ffeffff] usable
[    0.000000] BIOS-e820: [mem 0x000000007fff0000-0x000000007fffffff] ACPI data
[    0.000000] BIOS-e820: [mem 0x00000000fec00000-0x00000000fec00fff] reserved
[    0.000000] BIOS-e820: [mem 0x00000000fee00000-0x00000000fee00fff] reserved
[    0.000000] BIOS-e820: [mem 0x00000000fffc0000-0x00000000ffffffff] reserved
[    0.000000] NX (Execute Disable) protection: active
[    0.000000] SMBIOS 2.5 present.
[    0.000000] DMI: innotek GmbH VirtualBox/VirtualBox, BIOS VirtualBox 12/01/2006
[    0.000000] Hypervisor detected: KVM
[    0.000000] e820: last_pfn = 0x7fff0 max_arch_pfn = 0x400000000
[    0.000000] MTRR: Disabled
[    0.000000] x86/PAT: MTRRs disabled, skipping PAT initialization too.
[    0.000000] CPU MTRRs all blank - virtualized system.
[    0.000000] x86/PAT: Configuration [0-7]: WB  WT  UC- UC  WB  WT  UC- UC  
[    0.000000] found SMP MP-table at [mem 0x0009fff0-0x0009ffff]
[    0.000000] Scanning 1 areas for low memory corruption
[    0.000000] RAMDISK: [mem 0x35955000-0x36ca1fff]
[    0.000000] ACPI: Early table checksum verification disabled
[    0.000000] ACPI: RSDP 0x00000000000E0000 000024 (v02 VBOX  )
[    0.000000] ACPI: XSDT 0x000000007FFF0030 00003C (v01 VBOX   VBOXXSDT 00000001 ASL  00000061)
[    0.000000] ACPI: FACP 0x000000007FFF00F0 0000F4 (v04 VBOX   VBOXFACP 00000001 ASL  00000061)
[    0.000000] ACPI: DSDT 0x000000007FFF0470 002325 (v02 VBOX   VBOXBIOS 00000002 INTL 20100528)
[    0.000000] ACPI: FACS 0x000000007FFF0200 000040
[    0.000000] ACPI: FACS 0x000000007FFF0200 000040
[    0.000000] ACPI: APIC 0x000000007FFF0240 00005C (v02 VBOX   VBOXAPIC 00000001 ASL  00000061)
[    0.000000] ACPI: SSDT 0x000000007FFF02A0 0001CC (v01 VBOX   VBOXCPUT 00000002 INTL 20100528)
[    0.000000] No NUMA configuration found
[    0.000000] Faking a node at [mem 0x0000000000000000-0x000000007ffeffff]
[    0.000000] NODE_DATA(0) allocated [mem 0x7ffc5000-0x7ffeffff]
[    0.000000] kvm-clock: cpu 0, msr 0:7ff44001, primary cpu clock
[    0.000000] kvm-clock: Using msrs 4b564d01 and 4b564d00
[    0.000000] kvm-clock: using sched offset of 4115779039 cycles
[    0.000000] clocksource: kvm-clock: mask: 0xffffffffffffffff max_cycles: 0x1cd42e4dffb, max_idle_ns: 881590591483 ns
[    0.000000] Zone ranges:
[    0.000000]   DMA      [mem 0x0000000000001000-0x0000000000ffffff]
[    0.000000]   DMA32    [mem 0x0000000001000000-0x000000007ffeffff]
[    0.000000]   Normal   empty
[    0.000000]   Device   empty
[    0.000000] Movable zone start for each node
[    0.000000] Early memory node ranges
[    0.000000]   node   0: [mem 0x0000000000001000-0x000000000009efff]
[    0.000000]   node   0: [mem 0x0000000000100000-0x000000007ffeffff]
[    0.000000] Reserved but unavailable: 98 pages
[    0.000000] Initmem setup node 0 [mem 0x0000000000001000-0x000000007ffeffff]
[    0.000000] ACPI: PM-Timer IO Port: 0x4008
[    0.000000] IOAPIC[0]: apic_id 2, version 32, address 0xfec00000, GSI 0-23
[    0.000000] ACPI: INT_SRC_OVR (bus 0 bus_irq 0 global_irq 2 dfl dfl)
[    0.000000] ACPI: INT_SRC_OVR (bus 0 bus_irq 9 global_irq 9 low level)
[    0.000000] Using ACPI (MADT) for SMP configuration information
[    0.000000] smpboot: Allowing 2 CPUs, 0 hotplug CPUs
[    0.000000] PM: Registered nosave memory: [mem 0x00000000-0x00000fff]
[    0.000000] PM: Registered nosave memory: [mem 0x0009f000-0x0009ffff]
[    0.000000] PM: Registered nosave memory: [mem 0x000a0000-0x000effff]
[    0.000000] PM: Registered nosave memory: [mem 0x000f0000-0x000fffff]
[    0.000000] e820: [mem 0x80000000-0xfebfffff] available for PCI devices
[    0.000000] Booting paravirtualized kernel on KVM
[    0.000000] clocksource: refined-jiffies: mask: 0xffffffff max_cycles: 0xffffffff, max_idle_ns: 7645519600211568 ns
[    0.000000] random: get_random_bytes called from start_kernel+0x99/0x4fd with crng_init=0
[    0.000000] setup_percpu: NR_CPUS:8192 nr_cpumask_bits:2 nr_cpu_ids:2 nr_node_ids:1
[    0.000000] percpu: Embedded 45 pages/cpu s147456 r8192 d28672 u1048576
[    0.000000] PV qspinlock hash table entries: 256 (order: 0, 4096 bytes)
[    0.000000] Built 1 zonelists, mobility grouping on.  Total pages: 515961
[    0.000000] Policy zone: DMA32
[    0.000000] Kernel command line: BOOT_IMAGE=/boot/vmlinuz-4.15.0-106-generic root=LABEL=cloudimg-rootfs ro console=tty1 console=ttyS0
[    0.000000] Memory: 2014680K/2096696K available (12300K kernel code, 2481K rwdata, 4272K rodata, 2436K init, 2720K bss, 82016K reserved, 0K cma-reserved)
[    0.000000] SLUB: HWalign=64, Order=0-3, MinObjects=0, CPUs=2, Nodes=1
[    0.000000] Kernel/User page tables isolation: enabled
[    0.000000] ftrace: allocating 39378 entries in 154 pages
[    0.004000] Hierarchical RCU implementation.
[    0.004000] 	RCU restricting CPUs from NR_CPUS=8192 to nr_cpu_ids=2.
[    0.004000] 	Tasks RCU enabled.
[    0.004000] RCU: Adjusting geometry for rcu_fanout_leaf=16, nr_cpu_ids=2
[    0.004000] NR_IRQS: 524544, nr_irqs: 440, preallocated irqs: 16
[    0.004000] Console: colour VGA+ 80x25
[    0.004000] console [tty1] enabled
[    0.004000] console [ttyS0] enabled
[    0.004000] ACPI: Core revision 20170831
[    0.004000] ACPI: 2 ACPI AML tables successfully acquired and loaded
[    0.004000] APIC: Switch to symmetric I/O mode setup
[    0.004000] x2apic enabled
[    0.004000] Switched APIC routing to physical x2apic.
[    0.004000] ..TIMER: vector=0x30 apic1=0 pin1=2 apic2=-1 pin2=-1
[    0.004004] tsc: Detected 2194.918 MHz processor
[    0.004871] Calibrating delay loop (skipped) preset value.. 4389.83 BogoMIPS (lpj=8779672)
[    0.005540] pid_max: default: 32768 minimum: 301
[    0.008031] Security Framework initialized
[    0.008784] Yama: becoming mindful.
[    0.009465] AppArmor: AppArmor initialized
[    0.012000] Dentry cache hash table entries: 262144 (order: 9, 2097152 bytes)
[    0.013563] Inode-cache hash table entries: 131072 (order: 8, 1048576 bytes)
[    0.015016] Mount-cache hash table entries: 4096 (order: 3, 32768 bytes)
[    0.016010] Mountpoint-cache hash table entries: 4096 (order: 3, 32768 bytes)
[    0.017534] Last level iTLB entries: 4KB 1024, 2MB 1024, 4MB 1024
[    0.020003] Last level dTLB entries: 4KB 1024, 2MB 1024, 4MB 1024, 1GB 4
[    0.021165] Spectre V1 : Mitigation: usercopy/swapgs barriers and __user pointer sanitization
[    0.022656] Spectre V2 : Mitigation: Full generic retpoline
[    0.024002] Spectre V2 : Spectre v2 / SpectreRSB mitigation: Filling RSB on context switch
[    0.025464] Speculative Store Bypass: Vulnerable
[    0.026337] SRBDS: Unknown: Dependent on hypervisor status
[    0.027307] MDS: Mitigation: Clear CPU buffers
[    0.028149] Freeing SMP alternatives memory: 36K
[    0.140000] smpboot: CPU0: Intel(R) Core(TM) i7-4770HQ CPU @ 2.20GHz (family: 0x6, model: 0x46, stepping: 0x1)
[    0.140000] Performance Events: unsupported p6 CPU model 70 no PMU driver, software events only.
[    0.140000] Hierarchical SRCU implementation.
[    0.140797] NMI watchdog: Perf event create on CPU 0 failed with -2
[    0.142329] NMI watchdog: Perf NMI watchdog permanently disabled
[    0.143442] smp: Bringing up secondary CPUs ...
[    0.144082] x86: Booting SMP configuration:
[    0.144862] .... node  #0, CPUs:      #1
[    0.004000] kvm-clock: cpu 1, msr 0:7ff44041, secondary cpu clock
[    0.148030] smp: Brought up 1 node, 2 CPUs
[    0.148770] smpboot: Max logical packages: 1
[    0.149591] smpboot: Total of 2 processors activated (8779.67 BogoMIPS)
[    0.152075] devtmpfs: initialized
[    0.152844] x86/mm: Memory block size: 128MB
[    0.153884] evm: security.selinux
[    0.154535] evm: security.SMACK64
[    0.156004] evm: security.SMACK64EXEC
[    0.156726] evm: security.SMACK64TRANSMUTE
[    0.157523] evm: security.SMACK64MMAP
[    0.158218] evm: security.apparmor
[    0.158862] evm: security.ima
[    0.159470] evm: security.capability
[    0.160103] clocksource: jiffies: mask: 0xffffffff max_cycles: 0xffffffff, max_idle_ns: 7645041785100000 ns
[    0.161789] futex hash table entries: 512 (order: 3, 32768 bytes)
[    0.162935] pinctrl core: initialized pinctrl subsystem
[    0.164100] RTC time:  8:27:34, date: 06/23/20
[    0.165115] NET: Registered protocol family 16
[    0.166006] audit: initializing netlink subsys (disabled)
[    0.168006] audit: type=2000 audit(1592900860.016:1): state=initialized audit_enabled=0 res=1
[    0.169529] cpuidle: using governor ladder
[    0.169529] cpuidle: using governor menu
[    0.169669] ACPI: bus type PCI registered
[    0.170456] acpiphp: ACPI Hot Plug PCI Controller Driver version: 0.5
[    0.172122] PCI: Using configuration type 1 for base access
[    0.176040] HugeTLB registered 2.00 MiB page size, pre-allocated 0 pages
[    0.177221] ACPI: Added _OSI(Module Device)
[    0.180003] ACPI: Added _OSI(Processor Device)
[    0.180789] ACPI: Added _OSI(3.0 _SCP Extensions)
[    0.181674] ACPI: Added _OSI(Processor Aggregator Device)
[    0.182642] ACPI: Added _OSI(Linux-Dell-Video)
[    0.183453] ACPI: Added _OSI(Linux-Lenovo-NV-HDMI-Audio)
[    0.184002] ACPI: Added _OSI(Linux-HPI-Hybrid-Graphics)
[    0.185288] ACPI: Executed 1 blocks of module-level executable AML code
[    0.189747] ACPI: Interpreter enabled
[    0.190470] ACPI: (supports S0 S5)
[    0.191095] ACPI: Using IOAPIC for interrupt routing
[    0.192208] PCI: Using host bridge windows from ACPI; if necessary, use "pci=nocrs" and report a bug
[    0.194007] ACPI: Enabled 2 GPEs in block 00 to 07
[    0.202371] ACPI: PCI Root Bridge [PCI0] (domain 0000 [bus 00-ff])
[    0.203814] acpi PNP0A03:00: _OSC: OS supports [ASPM ClockPM Segments MSI]
[    0.204653] acpi PNP0A03:00: _OSC: not requesting OS control; OS requires [ExtendedConfig ASPM ClockPM MSI]
[    0.206383] acpi PNP0A03:00: fail to add MMCONFIG information, can't access extended PCI configuration space under this bridge.
[    0.208506] PCI host bridge to bus 0000:00
[    0.209266] pci_bus 0000:00: root bus resource [io  0x0000-0x0cf7 window]
[    0.212009] pci_bus 0000:00: root bus resource [io  0x0d00-0xffff window]
[    0.213243] pci_bus 0000:00: root bus resource [mem 0x000a0000-0x000bffff window]
[    0.215449] pci_bus 0000:00: root bus resource [mem 0x80000000-0xfdffffff window]
[    0.216005] pci_bus 0000:00: root bus resource [bus 00-ff]
[    0.220680] pci 0000:00:01.1: legacy IDE quirk: reg 0x10: [io  0x01f0-0x01f7]
[    0.221978] pci 0000:00:01.1: legacy IDE quirk: reg 0x14: [io  0x03f6]
[    0.223203] pci 0000:00:01.1: legacy IDE quirk: reg 0x18: [io  0x0170-0x0177]
[    0.224006] pci 0000:00:01.1: legacy IDE quirk: reg 0x1c: [io  0x0376]
[    0.248534] pci 0000:00:07.0: quirk: [io  0x4000-0x403f] claimed by PIIX4 ACPI
[    0.250199] pci 0000:00:07.0: quirk: [io  0x4100-0x410f] claimed by PIIX4 SMB
[    0.266342] ACPI: PCI Interrupt Link [LNKA] (IRQs 5 9 10 *11)
[    0.267871] ACPI: PCI Interrupt Link [LNKB] (IRQs 5 9 *10 11)
[    0.268212] ACPI: PCI Interrupt Link [LNKC] (IRQs 5 *9 10 11)
[    0.270140] ACPI: PCI Interrupt Link [LNKD] (IRQs 5 9 10 *11)
[    0.272681] SCSI subsystem initialized
[    0.273909] pci 0000:00:02.0: vgaarb: setting as boot VGA device
[    0.273927] pci 0000:00:02.0: vgaarb: VGA device added: decodes=io+mem,owns=io+mem,locks=none
[    0.276020] pci 0000:00:02.0: vgaarb: bridge control possible
[    0.277912] vgaarb: loaded
[    0.278949] ACPI: bus type USB registered
[    0.280053] usbcore: registered new interface driver usbfs
[    0.281420] usbcore: registered new interface driver hub
[    0.282469] usbcore: registered new device driver usb
[    0.283571] EDAC MC: Ver: 3.0.0
[    0.284315] PCI: Using ACPI for IRQ routing
[    0.285205] NetLabel: Initializing
[    0.285842] NetLabel:  domain hash size = 128
[    0.286621] NetLabel:  protocols = UNLABELED CIPSOv4 CALIPSO
[    0.288015] NetLabel:  unlabeled traffic allowed by default
[    0.289101] clocksource: Switched to clocksource kvm-clock
[    0.303912] VFS: Disk quotas dquot_6.6.0
[    0.304740] VFS: Dquot-cache hash table entries: 512 (order 0, 4096 bytes)
[    0.306046] AppArmor: AppArmor Filesystem Enabled
[    0.306965] pnp: PnP ACPI init
[    0.308894] pnp: PnP ACPI: found 3 devices
[    0.320127] clocksource: acpi_pm: mask: 0xffffff max_cycles: 0xffffff, max_idle_ns: 2085701024 ns
[    0.321818] NET: Registered protocol family 2
[    0.322794] TCP established hash table entries: 16384 (order: 5, 131072 bytes)
[    0.324232] TCP bind hash table entries: 16384 (order: 6, 262144 bytes)
[    0.325464] TCP: Hash tables configured (established 16384 bind 16384)
[    0.328187] UDP hash table entries: 1024 (order: 3, 32768 bytes)
[    0.329747] UDP-Lite hash table entries: 1024 (order: 3, 32768 bytes)
[    0.330898] NET: Registered protocol family 1
[    0.331731] pci 0000:00:00.0: Limiting direct PCI/PCI transfers
[    0.332806] pci 0000:00:01.0: Activating ISA DMA hang workarounds
[    0.333946] pci 0000:00:02.0: Video device with shadowed ROM at [mem 0x000c0000-0x000dffff]
[    0.335488] Unpacking initramfs...
[    0.628210] Freeing initrd memory: 19764K
[    0.629092] clocksource: tsc: mask: 0xffffffffffffffff max_cycles: 0x1fa37202099, max_idle_ns: 440795206796 ns
[    0.630850] platform rtc_cmos: registered platform RTC device (no PNP device found)
[    0.632330] Scanning for low memory corruption every 60 seconds
[    0.634164] Initialise system trusted keyrings
[    0.634962] Key type blacklist registered
[    0.635819] workingset: timestamp_bits=36 max_order=19 bucket_order=0
[    0.638096] zbud: loaded
[    0.639123] squashfs: version 4.0 (2009/01/31) Phillip Lougher
[    0.640417] fuse init (API version 7.26)
[    0.643491] Key type asymmetric registered
[    0.644360] Asymmetric key parser 'x509' registered
[    0.645247] Block layer SCSI generic (bsg) driver version 0.4 loaded (major 246)
[    0.646675] io scheduler noop registered
[    0.647405] io scheduler deadline registered
[    0.648255] io scheduler cfq registered (default)
[    0.649739] ACPI: AC Adapter [AC] (off-line)
[    0.650772] input: Power Button as /devices/LNXSYSTM:00/LNXPWRBN:00/input/input0
[    0.653519] ACPI: Power Button [PWRF]
[    0.654279] input: Sleep Button as /devices/LNXSYSTM:00/LNXSLPBN:00/input/input1
[    0.657182] ACPI: Sleep Button [SLPF]
[    0.659518] ACPI: Battery Slot [BAT0] (battery present)
[    0.660265] Serial: 8250/16550 driver, 32 ports, IRQ sharing enabled
[    0.682469] 00:02: ttyS0 at I/O 0x3f8 (irq = 4, base_baud = 115200) is a 1550A
    0.688039] Linux agpgart interface v0.103
[    0.689902] loop: module loaded
[    0.691149] scsi host0: ata_piix
[    0.692073] scsi host1: ata_piix
[    0.692737] ata1: PATA max UDMA/33 cmd 0x1f0 ctl 0x3f6 bmdma 0xd000 irq 14
[    0.693955] ata2: PATA max UDMA/33 cmd 0x170 ctl 0x376 bmdma 0xd008 irq 15
[    0.695685] libphy: Fixed MDIO Bus: probed
[    0.696603] tun: Universal TUN/TAP device driver, 1.6
[    0.697755] PPP generic driver version 2.4.2
[    0.698596] ehci_hcd: USB 2.0 'Enhanced' Host Controller (EHCI) Driver
[    0.699751] ehci-pci: EHCI PCI platform driver
[    0.700674] ehci-platform: EHCI generic platform driver
[    0.701668] ohci_hcd: USB 1.1 'Open' Host Controller (OHCI) Driver
[    0.702836] ohci-pci: OHCI PCI platform driver
[    0.703850] ohci-platform: OHCI generic platform driver
[    0.704861] uhci_hcd: USB Universal Host Controller Interface driver
[    0.706057] i8042: PNP: PS/2 Controller [PNP0303:PS2K,PNP0f03:PS2M] at 0x60,0x64 irq 1,12
[    0.708110] serio: i8042 KBD port at 0x60,0x64 irq 1
[    0.709034] serio: i8042 AUX port at 0x60,0x64 irq 12
[    0.710008] mousedev: PS/2 mouse device common for all mice
[    0.711226] input: AT Translated Set 2 keyboard as /devices/platform/i8042/serio0/input/input2
[    0.713364] rtc_cmos rtc_cmos: rtc core: registered rtc_cmos as rtc0
[    0.714539] rtc_cmos rtc_cmos: alarms up to one day, 114 bytes nvram
[    0.715667] i2c /dev entries driver
[    0.716465] device-mapper: uevent: version 1.0.3
[    0.717479] device-mapper: ioctl: 4.37.0-ioctl (2017-09-20) initialised: dm-devel@redhat.com
[    0.719098] ledtrig-cpu: registered to indicate activity on CPUs
[    0.721179] NET: Registered protocol family 10
[    0.726087] Segment Routing with IPv6
[    0.726812] NET: Registered protocol family 17
[    0.727741] Key type dns_resolver registered
[    0.728839] mce: Using 0 MCE banks
[    0.729582] RAS: Correctable Errors collector initialized.
[    0.730575] sched_clock: Marking stable (728810392, 0)->(902138350, -173327958)
[    0.732559] registered taskstats version 1
[    0.733308] Loading compiled-in X.509 certificates
[    0.736851] Loaded X.509 cert 'Build time autogenerated kernel key: b1772ce3e036cbf6bf2b7e9ed9be0f8806d61091'
[    0.738545] zswap: loaded using pool lzo/zbud
[    0.742733] Key type big_key registered
[    0.743443] Key type trusted registered
[    0.745749] Key type encrypted registered
[    0.746519] AppArmor: AppArmor sha1 policy hashing enabled
[    0.747505] ima: No TPM chip found, activating TPM-bypass! (rc=-19)
[    0.748655] ima: Allocated hash algorithm: sha1
[    0.749501] evm: HMAC attrs: 0x1
[    0.750401]   Magic number: 8:501:473
[    0.751227] rtc_cmos rtc_cmos: setting system clock to 2020-06-23 08:27:35 UTC (1592900855)
[    0.752933] BIOS EDD facility v0.16 2004-Jun-25, 0 devices found
[    0.754008] EDD information not available.
[    0.877395] Freeing unused kernel image memory: 2436K
[    1.616458] Write protecting the kernel read-only data: 20480k
[    1.618633] Freeing unused kernel image memory: 2008K
[    1.620232] Freeing unused kernel image memory: 1872K
[    1.627914] x86/mm: Checked W+X mappings: passed, no W+X pages found.
[    1.629127] x86/mm: Checking user space page tables
[    1.635549] x86/mm: Checked W+X mappings: passed, no W+X pages found.
Loading, please wait...
starting version 237
[    1.705888] e1000: Intel(R) PRO/1000 Network Driver - version 7.3.21-k8-NAPI
[    1.707159] e1000: Copyright (c) 1999-2006 Intel Corporation.
[    1.708896] vboxvideo: loading out-of-tree module taints kernel.
[    1.710698] vboxvideo: module verification failed: signature and/or required key missing - tainting kernel
[    1.714657] [drm] VRAM 01000000
[    1.717183] Fusion MPT base driver 3.04.20
[    1.717952] Copyright (c) 1999-2008 LSI Corporation
[    1.722931] [TTM] Zone  kernel: Available graphics memory: 1020398 kiB
[    1.724389] [TTM] Initializing pool allocator
[    1.726198] Fusion MPT SPI Host driver 3.04.20
[    1.727130] [TTM] Initializing DMA pool allocator
[    1.729476] fbcon: vboxdrmfb (fb0) is primary device
[    1.731031] Console: switching to colour frame buffer device 100x37
[    1.733979] vboxvideo 0000:00:02.0: fb0: vboxdrmfb frame buffer device
[    1.737028] AVX2 version of gcm_enc/dec engaged.
[    1.737698] AES CTR mode by8 optimization enabled
[    1.748122] [drm] Initialized vboxvideo 1.0.0 20130823 for 0000:00:02.0 on minor 0
[    1.921609] input: ImExPS/2 Generic Explorer Mouse as /devices/platform/i8042/serio1/input/input4
[    2.138441] e1000 0000:00:03.0 eth0: (PCI:33MHz:32-bit) 02:08:97:ad:f6:aa
[    2.139428] e1000 0000:00:03.0 eth0: Intel(R) PRO/1000 Network Connection
[    2.141253] mptbase: ioc0: Initiating bringup
[    2.236275] ioc0: LSI53C1030 A0: Capabilities={Initiator}
[    2.480011] scsi host2: ioc0: LSI53C1030 A0, FwRev=00000000h, Ports=1, MaxQ=256, IRQ=20
[    2.649047] scsi 2:0:0:0: Direct-Access     VBOX     HARDDISK         1.0  PQ: 0 ANSI: 5
[    2.693382] scsi target2:0:0: Beginning Domain Validation
[    2.697279] scsi target2:0:0: Domain Validation skipping write tests
[    2.698402] scsi target2:0:0: Ending Domain Validation
[    2.701969] scsi target2:0:0: asynchronous
[    2.704767] scsi 2:0:1:0: Direct-Access     VBOX     HARDDISK         1.0  PQ: 0 ANSI: 5
[    2.936119] scsi target2:0:1: Beginning Domain Validation
[    2.939674] scsi target2:0:1: Domain Validation skipping write tests
[    2.940872] scsi target2:0:1: Ending Domain Validation
[    2.942065] scsi target2:0:1: asynchronous
[    2.948533] sd 2:0:0:0: Attached scsi generic sg0 type 0
[    2.950017] sd 2:0:0:0: [sda] 20971520 512-byte logical blocks: (10.7 GB/10.0 GiB)
[    2.952120] sd 2:0:0:0: [sda] Write Protect is off
[    2.954242] sd 2:0:0:0: [sda] Incomplete mode parameter data
[    2.955729] sd 2:0:0:0: [sda] Assuming drive cache: write through
[    2.958434] sd 2:0:1:0: [sdb] 20480 512-byte logical blocks: (10.5 MB/10.0 MiB)
[    2.960651] sd 2:0:1:0: [sdb] Write Protect is off
[    2.962309] sd 2:0:1:0: Attached scsi generic sg1 type 0
[    2.964475] sd 2:0:1:0: [sdb] Incomplete mode parameter data
[    2.966310] sd 2:0:1:0: [sdb] Assuming drive cache: write through
[    2.969076] random: fast init done
[    2.970133] random: systemd-udevd: uninitialized urandom read (16 bytes read)
[    2.972428] random: systemd-udevd: uninitialized urandom read (16 bytes read)
[    2.974477] random: systemd-udevd: uninitialized urandom read (16 bytes read)
[    2.977929]  sda: sda1
[    2.980023] sd 2:0:0:0: [sda] Attached SCSI disk
[    2.981334] sd 2:0:1:0: [sdb] Attached SCSI disk
[    3.057089] e1000 0000:00:08.0 eth1: (PCI:33MHz:32-bit) 08:00:27:86:1b:c1
[    3.058458] e1000 0000:00:08.0 eth1: Intel(R) PRO/1000 Network Connection
[    3.061056] e1000 0000:00:08.0 enp0s8: renamed from eth1
[    3.076983] e1000 0000:00:03.0 enp0s3: renamed from eth0
Begin: Loading essential drivers ... [    3.248214] raid6: sse2x1   gen()  9710 MB/s
[    3.296114] raid6: sse2x1   xor()  7481 MB/s
[    3.344222] raid6: sse2x2   gen() 12757 MB/s
[    3.392185] raid6: sse2x2   xor()  8091 MB/s
[    3.440210] raid6: sse2x4   gen() 14306 MB/s
[    3.488259] raid6: sse2x4   xor()  9233 MB/s
[    3.536111] raid6: avx2x1   gen() 19146 MB/s
[    3.584500] raid6: avx2x1   xor() 12927 MB/s
[    3.632184] raid6: avx2x2   gen() 23971 MB/s
[    3.680248] raid6: avx2x2   xor() 14588 MB/s
[    3.728295] raid6: avx2x4   gen() 27418 MB/s
[    3.776220] raid6: avx2x4   xor() 17558 MB/s
[    3.777073] raid6: using algorithm avx2x4 gen() 27418 MB/s
[    3.778112] raid6: .... xor() 17558 MB/s, rmw enabled
[    3.779182] raid6: using avx2x2 recovery algorithm
[    3.781455] xor: automatically using best checksumming function   avx       
[    3.783946] async_tx: api initialized (async)
done.
Begin: Running /scripts/init-premount ... done.
Begin: Mounting root file system ... Begin: Running /scripts/local-top ... done.
Begin: Running /scripts/local-premount ... [    3.829596] Btrfs loaded, crc32c=crc32c-intel
Scanning for Btrfs filesystems
done.
Warning: fsck not present, so skipping root file system
[    3.868518] EXT4-fs (sda1): mounted filesystem with ordered data mode. Opts: (null)
done.
Begin: Running /scripts/local-bottom ... done.
Begin: Running /scripts/init-bottom ... done.
[    4.028560] ip_tables: (C) 2000-2006 Netfilter Core Team
[    4.039215] systemd[1]: systemd 237 running in system mode. (+PAM +AUDIT +SELINUX +IMA +APPARMOR +SMACK +SYSVINIT +UTMP +LIBCRYPTSETUP +GCRYPT +GNUTLS +ACL +XZ +LZ4 +SECCOMP +BLKID +ELFUTILS +KMOD -IDN2 +IDN -PCRE2 default-hierarchy=hybrid)
[    4.043020] systemd[1]: Detected virtualization oracle.
[    4.044121] systemd[1]: Detected architecture x86-64.

Welcome to [1mUbuntu 18.04.4 LTS[0m!

[    4.050273] systemd[1]: Set hostname to <development>.
[    4.337447] systemd[1]: Reached target User and Group Name Lookups.
[[0;32m  OK  [0m] Reached target User and Group Name Lookups.
[    4.339526] systemd[1]: Reached target Swap.
[[0;32m  OK  [0m] Reached target Swap.
[    4.342441] systemd[1]: Created slice User and Session Slice.
[[0;32m  OK  [0m] Created slice User and Session Slice.
[    4.386444] systemd[1]: Created slice System Slice.
[[0;32m  OK  [0m] Created slice System Slice.
[    4.388764] systemd[1]: Listening on Device-mapper event daemon FIFOs.
[[0;32m  OK  [0m] Listening on Device-mapper event daemon FIFOs.
[    4.391591] systemd[1]: Created slice system-serial\x2dgetty.slice.
[[0;32m  OK  [0m] Created slice system-serial\x2dgetty.slice.
[[0;32m  OK  [0m] Listening on udev Control Socket.
[[0;32m  OK  [0m] Listening on Journal Socket (/dev/log).
[[0;32m  OK  [0m] Listening on /dev/initctl Compatibility Named Pipe.
[[0;32m  OK  [0m] Reached target System Time Synchronized.
[[0;32m  OK  [0m] Listening on LVM2 poll daemon socket.
[[0;32m  OK  [0m] Listening on Journal Socket.
         Starting Uncomplicated firewall...
         Starting Create list of required st…ce nodes for the current kernel...
         Starting Remount Root and Kernel File Systems...
         Mounting Huge Pages File System...
         Mounting Kernel Debug File System...
[[0;32m  OK  [0m] Reached target Slices.
[[0;32m  OK  [0m] Listening on Syslog Socket.
         Mounting POSIX Message Queue File System...
         Starting Set the console keyboard layout...
[[0;32m  OK  [0m] Listening on Network Service Netlink Socket.
[[0;32m  OK  [0m] Listening on udev Kernel Socket.
         Starting udev Coldplug all Devices...
[[0;32m  OK  [0m] Started Forward Password Requests to Wall Directory Watch.
[    4.631411] EXT4-fs (sda1): re-mounted. Opts: (null)
[[0;32m  OK  [0m] Set up automount Arbitrary Executab…rmats File System Automount Point.
         Starting Load Kernel Modules...
[[0;32m  OK  [0m] Listening on Journal Audit Socket.
         Starting Journal Service...
[[0;32m  OK  [0m] Listening on LVM2 metadata daemon socket.
         Starting Monitoring of LVM2 mirrors…ng dmeventd or progress polling...
[[0;32m  OK  [0m] Started Uncomplicated firewall.
[[0;32m  OK  [0m] Started Create list of required sta…vice nodes for the current kernel.
[    4.665571] Loading iSCSI transport class v2.0-870.
[[0;32m  OK  [0m] Started Remount Root and Kernel File Systems.
[    4.675562] iscsi: registered transport (tcp)
[[0;32m  OK  [0m] Mounted Huge Pages File System.
[[0;32m  OK  [0m] Mounted Kernel Debug File System.
[[0;32m  OK  [0m] Mounted POSIX Message Queue File System.
         Starting Load/Save Random Seed...
         Starting Create Static Device Nodes in /dev...
[    4.748337] iscsi: registered transport (iser)
[[0;32m  OK  [0m] Started Journal Service.
[[0;32m  OK  [0m] Started Load Kernel Modules.
[[0;32m  OK  [0m] Started udev Coldplug all Devices.
[[0;32m  OK  [0m] Started LVM2 metadata daemon.
         Mounting Kernel Configuration File System...
         Mounting FUSE Control File System...
         Starting Apply Kernel Variables...
         Starting Flush Journal to Persistent Storage...
[[0;32m  OK  [0m] Started Load/Save Random Seed.
[[0;32m  OK  [0m] Mounted Kernel Configuration File System.
[[0;32m  OK  [0m] Mounted FUSE Control File System.
[[0;32m  OK  [0m] Started Create Static Device Nodes in /dev.
         Starting udev Kernel Device Manager...
[[0;32m  OK  [0m] Started Monitoring of LVM2 mirrors,…sing dmeventd or progress polling.
[[0;32m  OK  [0m] Started Apply Kernel Variables.
[[0;32m  OK  [0m] Started Set the console keyboard layout.
[[0;32m  OK  [0m] Reached target Local File Systems (Pre).
[[0;32m  OK  [0m] Reached target Local File Systems.
         Starting ebtables ruleset management...
         Starting Tell Plymouth To Write Out Runtime Data...
         Starting AppArmor initialization...
         Starting Set console font and keymap...
[[0;32m  OK  [0m] Started udev Kernel Device Manager.
[[0;32m  OK  [0m] Started Dispatch Password Requests to Console Directory Watch.
[[0;32m  OK  [0m] Reached target Local Encrypted Volumes.
[[0;32m  OK  [0m] Started Set console font and keymap.
[[0;32m  OK  [0m] Started Tell Plymouth To Write Out Runtime Data.
[[0;32m  OK  [0m] Started Flush Journal to Persistent Storage.
         Starting Create Volatile Files and Directories...
[[0;32m  OK  [0m] Started Create Volatile Files and Directories.
         Starting Update UTMP about System Boot/Shutdown...
[[0;32m  OK  [0m] Started ebtables ruleset management.
[[0;32m  OK  [0m] Started Update UTMP about System Boot/Shutdown.
[[0;32m  OK  [0m] Found device /dev/ttyS0.
[[0;32m  OK  [0m] Listening on Load/Save RF Kill Switch Status /dev/rfkill Watch.
[[0;32m  OK  [0m] Started AppArmor initialization.
         Starting Initial cloud-init job (pre-networking)...
[    6.135434] cloud-init[534]: Cloud-init v. 19.4-33-gbb4131a2-0ubuntu1~18.04.1 running 'init-local' at Tue, 23 Jun 2020 08:27:40 +0000. Up 5.95 seconds.
[[0;32m  OK  [0m] Started Initial cloud-init job (pre-networking).
[[0;32m  OK  [0m] Reached target Network (Pre).
         Starting Network Service...
[[0;32m  OK  [0m] Started Network Service.
         Starting Wait for Network to be Configured...
         Starting Network Name Resolution...
[[0;32m  OK  [0m] Started Network Name Resolution.
[[0;32m  OK  [0m] Reached target Network.
[[0;32m  OK  [0m] Reached target Host and Network Name Lookups.
[[0;32m  OK  [0m] Started Wait for Network to be Configured.
         Starting Initial cloud-init job (metadata service crawler)...
[    8.703302] cloud-init[710]: Cloud-init v. 19.4-33-gbb4131a2-0ubuntu1~18.04.1 running 'init' at Tue, 23 Jun 2020 08:27:43 +0000. Up 8.58 seconds.
[    8.705770] cloud-init[710]: ci-info: ++++++++++++++++++++++++++++++++++++++Net device info+++++++++++++++++++++++++++++++++++++++
[    8.720388] cloud-init[710]: ci-info: +--------+------+-----------------------------+---------------+--------+-------------------+
[    8.736370] cloud-init[710]: ci-info: | Device |  Up  |           Address           |      Mask     | Scope  |     Hw-Address    |
[    8.752219] cloud-init[710]: ci-info: +--------+------+-----------------------------+---------------+--------+-------------------+
[    8.753491] cloud-init[710]: ci-info: | enp0s3 | True |          10.0.2.15          | 255.255.255.0 | global | 02:08:97:ad:f6:aa |
[    8.768260] cloud-init[710]: ci-info: | enp0s3 | True |  fe80::8:97ff:fead:f6aa/64  |       .       |  link  | 02:08:97:ad:f6:aa |
[    8.769585] cloud-init[710]: ci-info: | enp0s8 | True |        192.168.13.25        | 255.255.255.0 | global | 08:00:27:86:1b:c1 |
[    8.771303] cloud-init[710]: ci-info: | enp0s8 | True | fe80::a00:27ff:fe86:1bc1/64 |       .       |  link  | 08:00:27:86:1b:c1 |
[    8.772633] cloud-init[710]: ci-info: |   lo   | True |          127.0.0.1          |   255.0.0.0   |  host  |         .         |
[    8.774605] cloud-init[710]: ci-info: |   lo   | True |           ::1/128           |       .       |  host  |         .         |
[    8.777711] cloud-init[710]: ci-info: +--------+------+-----------------------------+---------------+--------+-------------------+
[    8.792299] cloud-init[710]: ci-info: +++++++++++++++++++++++++++++Route IPv4 info+++++++++++++++++++++++++++++
[    8.804311] cloud-init[710]: ci-info: +-------+--------------+----------+-----------------+-----------+-------+
[    8.805200] cloud-init[710]: ci-info: | Route | Destination  | Gateway  |     Genmask     | Interface | Flags |
[    8.817671] cloud-init[710]: ci-info: +-------+--------------+----------+-----------------+-----------+-------+
[    8.818881] cloud-init[710]: ci-info: |   0   |   0.0.0.0    | 10.0.2.2 |     0.0.0.0     |   enp0s3  |   UG  |
[    8.832327] cloud-init[710]: ci-info: |   1   |   10.0.2.0   | 0.0.0.0  |  255.255.255.0  |   enp0s3  |   U   |
[    8.833827] cloud-init[710]: ci-info: |   2   |   10.0.2.2   | 0.0.0.0  | 255.255.255.255 |   enp0s3  |   UH  |
[    8.848630] cloud-init[710]: ci-info: |   3   | 192.168.13.0 | 0.0.0.0  |  255.255.255.0  |   enp0s8  |   U   |
[    8.860408] cloud-init[710]: ci-info: +-------+--------------+----------+-----------------+-----------+-------+
[    8.872362] cloud-init[710]: ci-info: +++++++++++++++++++Route IPv6 info+++++++++++++++++++
[    8.873353] cloud-init[710]: ci-info: +-------+-------------+---------+-----------+-------+
[[    8.874546] cloud-init[710]: ci-info: | Route | Destination | Gateway | Interface | Flags |
[    8.874630] cloud-init[710]: ci-info: +-------+-------------+---------+-----------+-------+[0;32m  OK  [0m
] Started Initial cloud-init job (metadata service crawler).
[    8.874701] cloud-init[710]: ci-info: |   1   |  fe80::/64  |    ::   |   enp0s8  |   U   |
[    8.888533] cloud-init[710]: ci-info: |   2   |  fe80::/64  |    ::   |   enp0s3  |   U   |
[[0;32m  OK  [0m] Reached target System Initialization.
[    8.890092] cloud-init[710]: ci-info: |   4   |    local    |    ::   |   enp0s3  |   U   |
[[0;32m  OK  [0m[    8.900556] cloud-init[710]: ci-info: |   5   |    local    |    ::   |   enp0s8  |   U   |
[    8.900993] cloud-init[710]: ci-info: |   6   |   ff00::/8  |    ::   |   enp0s8  |   U   |
] Listening on Open-iSCSI iscsid Socket.
[    8.901327] cloud-init[710]: ci-info: |   7   |   ff00::/8  |    ::   |   enp0s3  |   U   |
[[0;32m  OK  [0m] Listening on ACPID Listen Socket.
[    8.916438] cloud-init[710]: ci-info: +-------+-------------+---------+-----------+-------+
         Starting LXD - unix socket.
[[0;32m  OK  [0m] Started Daily Cleanup of Temporary Directories.
[[0;32m  OK  [0m] Listening on D-Bus System Message Bus Socket.
[[0;32m  OK  [0m] Started ACPI Events Check.
[[0;32m  OK  [0m] Reached target Paths.
         Starting Docker Socket for the API.
[[0;32m  OK  [0m] Started Message of the Day.
         Starting Socket activation for snappy daemon.
[[0;32m  OK  [0m] Listening on UUID daemon activation socket.
[[0;32m  OK  [0m] Started Daily apt download activities.
[[0;32m  OK  [0m] Started Daily apt upgrade and clean activities.
[[0;32m  OK  [0m] Started Discard unused blocks once a week.
[[0;32m  OK  [0m] Reached target Timers.
[[0;32m  OK  [0m] Reached target Cloud-config availability.
[[0;32m  OK  [0m] Reached target Network is Online.
[[0;32m  OK  [0m] Reached target Remote File Systems (Pre).
[[0;32m  OK  [0m] Reached target Remote File Systems.
         Starting Availability of block devices...
[[0;32m  OK  [0m] Listening on LXD - unix socket.
[[0;32m  OK  [0m] Listening on Docker Socket for the API.
[[0;32m  OK  [0m] Listening on Socket activation for snappy daemon.
[[0;32m  OK  [0m] Started Availability of block devices.
[[0;32m  OK  [0m] Reached target Sockets.
[[0;32m  OK  [0m] Reached target Basic System.
[[0;32m  OK  [0m] Started Deferred execution scheduler.
         Starting Accounts Service...
         Starting LSB: Record successful boot for GRUB...
         Starting Permit User Sessions...
         Starting Login Service...
         Starting LSB: automatic crash report generation...
[[0;32m  OK  [0m] Started FUSE filesystem for LXC.
         Starting LXD - container startup/shutdown...
         Starting Dispatcher daemon for systemd-networkd...
[[0;32m  OK  [0m] Started D-Bus System Message Bus.
         Starting containerd container runtime...
[[0;32m  OK  [0m] Started Regular background program processing daemon.
         Starting OpenBSD Secure Shell server...
[[0;32m  OK  [0m] Started irqbalance daemon.
         Starting Snappy daemon...
         Starting vboxadd.service...
         Starting System Logging Service...
[[0;32m  OK  [0m] Started Permit User Sessions.
[[0;32m  OK  [0m] Started LXD - container startup/shutdown.
[[0;32m  OK  [0m] Started containerd container runtime.
[[0;32m  OK  [0m] Started Login Service.
[[0;32m  OK  [0m] Started System Logging Service.
         Starting Authorization Manager...
[[0;32m  OK  [0m] Started Unattended Upgrades Shutdown.
         Starting Docker Application Container Engine...
         Starting Terminate Plymouth Boot Screen...
         Starting Hold until boot process finishes up...
[[0;32m  OK  [0m] Started OpenBSD Secure Shell server.
[[0;32m  OK  [0m] Started Hold until boot process finishes up.
[[0;32m  OK  [0m] Started Serial Getty on ttyS0.
         Starting Set console scheme...
[[0;32m  OK  [0m] Started Terminate Plymouth Boot Screen.
[[0;32m  OK  [0m] Started Set console scheme.
[[0;32m  OK  [0m] Created slice system-getty.slice.
[[0;32m  OK  [0m] Started Getty on tty1.
[[0;32m  OK  [0m] Reached target Login Prompts.
[[0;32m  OK  [0m] Started LSB: automatic crash report generation.
[[0;32m  OK  [0m] Started Authorization Manager.
[[0;32m  OK  [0m] Started Accounts Service.
[[0;32m  OK  [0m] Started Dispatcher daemon for systemd-networkd.
[[0;32m  OK  [0m] Started LSB: Record successful boot for GRUB.
[[0;32m  OK  [0m] Started Snappy daemon.
         Starting Wait until snapd is fully seeded...
[[0;32m  OK  [0m] Started Wait until snapd is fully seeded.
         Starting Apply the settings specified in cloud-config...
[[0;32m  OK  [0m] Started vboxadd.service.
         Starting vboxadd-service.service...
[[0;32m  OK  [0m] Started vboxadd-service.service.
[[0;32m  OK  [0m] Created slice User Slice of vagrant.
         Starting User Manager for UID 1000...
[[0;32m  OK  [0m] Started Session 1 of user vagrant.
[   11.592255] cloud-init[1230]: Cloud-init v. 19.4-33-gbb4131a2-0ubuntu1~18.04.1 running 'modules:config' at Tue, 23 Jun 2020 08:27:46 +0000. Up 11.45 seconds.
[[0;32m  OK  [0m] Started User Manager for UID 1000.
[[0;32m  OK  [0m] Started Apply the settings specified in cloud-config.
[[0;32m  OK  [0m] Started Docker Application Container Engine.
[[0;32m  OK  [0m] Reached target Multi-User System.
         Starting Execute cloud user/final scripts...
[[0;32m  OK  [0m] Reached target Graphical Interface.
         Starting Update UTMP about System Runlevel Changes...
[[0;32m  OK  [0m] Started Update UTMP about System Runlevel Changes.
[   12.734197] cloud-init[1596]: Cloud-init v. 19.4-33-gbb4131a2-0ubuntu1~18.04.1 running 'modules:final' at Tue, 23 Jun 2020 08:27:47 +0000. Up 12.63 seconds.
[   12.736997] cloud-init[1596]: Cloud-init v. 19.4-33-gbb4131a2-0ubuntu1~18.04.1 finished at Tue, 23 Jun 2020 08:27:47 +0000. Datasource DataSourceNoCloud [seed=/dev/sdb][dsmode=net].  Up 12.72 seconds
[[0;32m  OK  [0m] Started Execute cloud user/final scripts.
[[0;32m  OK  [0m] Reached target Cloud-init target.

Ubuntu 18.04.4 LTS development ttyS0

development login: 